<?xml version="1.0" encoding="UTF-8"?>
<!-- Generated by org.testng.reporters.JUnitReportReporter -->
<testsuite hostname="DESKTOP-M5UV4LN" failures="0" tests="1" name="testCases.TC_005_AddToCartPageTest" time="2.750" errors="0" timestamp="2025-03-25T18:11:54 IST" skipped="0">
  <testcase classname="testCases.TC_005_AddToCartPageTest" name="verify_addToCart" time="2.750"/>
</testsuite> <!-- testCases.TC_005_AddToCartPageTest -->
