<?xml version="1.0" encoding="UTF-8"?>
<!-- Generated by org.testng.reporters.JUnitReportReporter -->
<testsuite hostname="DESKTOP-M5UV4LN" failures="0" tests="1" name="testCases.TC_001_AccountRegistrationTest" time="4.213" errors="0" timestamp="2025-03-25T01:53:51 IST" skipped="0">
  <testcase classname="testCases.TC_001_AccountRegistrationTest" name="test_account_Registration" time="4.213"/>
</testsuite> <!-- testCases.TC_001_AccountRegistrationTest -->
