<?xml version="1.0" encoding="UTF-8"?>
<!-- Generated by org.testng.reporters.JUnitReportReporter -->
<testsuite hostname="DESKTOP-M5UV4LN" failures="0" tests="1" name="testCases.TC001_AccountRegistrationTest" time="2.223" errors="0" timestamp="2025-03-21T19:26:24 IST" skipped="0">
  <testcase classname="testCases.TC001_AccountRegistrationTest" name="verify_account_registration" time="2.223"/>
</testsuite> <!-- testCases.TC001_AccountRegistrationTest -->
