<?xml version="1.0" encoding="UTF-8"?>
<!-- Generated by org.testng.reporters.JUnitReportReporter -->
<testsuite hostname="DESKTOP-M5UV4LN" failures="0" tests="5" name="testCases.TC_003_LoginDDT" time="28.649" errors="0" timestamp="2025-03-24T02:15:48 IST" skipped="0">
  <testcase classname="testCases.TC_003_LoginDDT" name="verify_loginDDT" time="2.118"/>
  <testcase classname="testCases.TC_003_LoginDDT" name="verify_loginDDT" time="11.467"/>
  <testcase classname="testCases.TC_003_LoginDDT" name="verify_loginDDT" time="11.138"/>
  <testcase classname="testCases.TC_003_LoginDDT" name="verify_loginDDT" time="2.189"/>
  <testcase classname="testCases.TC_003_LoginDDT" name="verify_loginDDT" time="1.737"/>
</testsuite> <!-- testCases.TC_003_LoginDDT -->
