<?xml version="1.0" encoding="UTF-8"?>
<!-- Generated by org.testng.reporters.JUnitReportReporter -->
<testsuite hostname="DESKTOP-M5UV4LN" failures="0" tests="1" name="testCases.TC_002_LoginTest" time="1.684" errors="0" timestamp="2025-03-25T02:33:44 IST" skipped="0">
  <testcase classname="testCases.TC_002_LoginTest" name="test_Login" time="1.684"/>
</testsuite> <!-- testCases.TC_002_LoginTest -->
